2025-07-31  7:xxx:xxx 108 [Warning] Aborted connection 108 to db: 'dbmanager_access_db' user: 'root' host: 'localhost' (Got an error reading communication packets)
2025-07-31 19:xxx:xxx 0 [Note] Starting MariaDB 10.11.6-MariaDB-log source revision fecd78b83785d5ae96f2c6ff340375be803cd299 as process 981
2025-07-31 19:xxx:xxx 0 [Note] mariadbd: Aria engine: starting recovery
recovered pages: 0% 100% (0.0 seconds); tables to flush: 1 0
 (0.1 seconds); 
2025-07-31 19:xxx:xxx 0 [Note] mariadbd: Aria engine: recovery done
2025-07-31 19:xxx:xxx 0 [Note] InnoDB: Compressed tables use zlib 1.3
2025-07-31 19:xxx:xxx 0 [Note] InnoDB: Number of transaction pools: 1
2025-07-31 19:xxx:xxx 0 [Note] InnoDB: Using crc32 + pclmulqdq instructions
2025-07-31 19:xxx:xxx 0 [Note] InnoDB: Using Linux native AIO
2025-07-31 19:xxx:xxx 0 [Note] InnoDB: Initializing buffer pool, total size = 128.000MiB, chunk size = 2.000MiB
2025-07-31 19:xxx:xxx 0 [Note] InnoDB: Completed initialization of buffer pool
2025-07-31 19:xxx:xxx 0 [Note] InnoDB: File system buffers for log disabled (block size=4096 bytes)
2025-07-31 19:xxx:xxx 0 [Note] InnoDB: Starting crash recovery from checkpoint LSN=55992
2025-07-31 19:xxx:xxx 0 [Note] InnoDB: End of log at LSN=145343
2025-07-31 19:xxx:xxx 0 [Note] InnoDB: To recover: 45 pages
2025-07-31 19:xxx:xxx 0 [Note] InnoDB: 128 rollback segments are active.
2025-07-31 19:xxx:xxx 0 [Note] InnoDB: Removed temporary tablespace data file: "./ibtmp1"
2025-07-31 19:xxx:xxx 0 [Note] InnoDB: Setting file './ibtmp1' size to 12.000MiB. Physically writing the file full; Please wait ...
2025-07-31 19:xxx:xxx 0 [Note] InnoDB: File './ibtmp1' size is now 12.000MiB.
2025-07-31 19:xxx:xxx 0 [Note] InnoDB: log sequence number 145343; transaction id 224
2025-07-31 19:xxx:xxx 0 [Note] Plugin 'FEEDBACK' is disabled.
2025-07-31 19:xxx:xxx 0 [Note] InnoDB: Loading buffer pool(s) from /db1/myserver/mariadb/data/ib_buffer_pool
2025-07-31 19:xxx:xxx 0 [Note] InnoDB: Buffer pool(s) load completed at 250731 19:xxx:xxx
2025-07-31 19:xxx:xxx 0 [Note] Server socket created on IP: 'xxx.xxx.xxx.xxx'.
2025-07-31 19:xxx:xxx 0 [Note] /db1/myserver/mariadb/bin/mariadbd: ready for connections.
Version: '10.11.6-MariaDB-log'  socket: '/db1/myserver/mariadb/mysql.sock'  port xxx  MariaDB Server
