/db1/myserver/mariadb/bin/mariadbd, Version: 10.11.6-MariaDB-log (MariaDB Server). started with:
Tcp port xxx  Unix socket: /db1/myserver/mariadb/mysql.sock
Time		    Id Command	Argument
		    97 Quit	
250729  0:xxx:xxx	    98 Connect	harsh@localhost on  using Socket
		    98 Query	/*!40100 SET @@SQL_MODE='' */
		    98 Query	/*!40103 SET TIME_ZONE='+00:xxx' */
		    98 Query	/*!100100 SET @@MAX_STATEMENT_TIME=0.000000 */
		    98 Query	/*!100100 SET WAIT_TIMEOUT=DEFAULT */
		    98 Query	set optimizer_switch='semijoin=off'
		    98 Query	SELECT LOGFILE_GROUP_NAME, FILE_NAME, TOTAL_EXTENTS, INITIAL_SIZE, ENGINE, EXTRA FROM INFORMATION_SCHEMA.FILES WHERE FILE_TYPE = 'UNDO LOG' AND FILE_NAME IS NOT NULL AND LOGFILE_GROUP_NAME IS NOT NULL GROUP BY LOGFILE_GROUP_NAME, FILE_NAME, ENGINE, TOTAL_EXTENTS, INITIAL_SIZE ORDER BY LOGFILE_GROUP_NAME
		    98 Query	SELECT DISTINCT TABLESPACE_NAME, FILE_NAME, LOGFILE_GROUP_NAME, EXTENT_SIZE, INITIAL_SIZE, ENGINE FROM INFORMATION_SCHEMA.FILES WHERE FILE_TYPE = 'DATAFILE' ORDER BY TABLESPACE_NAME, LOGFILE_GROUP_NAME
		    98 Query	set optimizer_switch=default
		    98 Query	SHOW DATABASES
		    98 Init DB	mysql
		    98 Query	SHOW CREATE DATABASE IF NOT EXISTS `mysql`
		    98 Query	SELECT engine, table_type FROM INFORMATION_SCHEMA.TABLES WHERE table_schema = DATABASE() AND table_name = 'general_log'
		    98 Query	SET SQL_QUOTE_SHOW_CREATE=1
		    98 Query	SET SESSION character_set_results = 'binary'
		    98 Query	show create table `general_log`
		    98 Quit	
250729  4:xxx:xxx	    99 Connect	root@localhost on  using Socket
		    99 Query	select @@version_comment limit 1
250729  5:xxx:xxx	   100 Connect	root@localhost on  using Socket
		   100 Query	select @@version_comment limit 1
250729  5:xxx:xxx	   100 Query	show databases
250729  7:xxx:xxx	   100 Quit	
250729 16:xxx:xxx	   101 Connect	root@localhost on  using Socket
		   101 Query	select @@version_comment limit 1
250729 16:xxx:xxx	   101 Query	show databases
250730  0:xxx:xxx	   102 Connect	root@localhost on  using Socket
		   102 Query	FLUSH LOGS
